<!DOCTYPE html PUBLIC "-//W3C//DTD XHTML 1.1//EN" "https://www.w3.org/TR/xhtml11/DTD/xhtml11.dtd">
<html xmlns="https://www.w3.org/1999/xhtml">
<head>
<meta http-equiv="content-type" content="text/html; charset=UTF-8"/>
<title>TestNG Report</title>
<style type="text/css">table {margin-bottom:10px;border-collapse:collapse;empty-cells:show}th,td {border:1px solid #009;padding:.25em .5em}th {vertical-align:bottom}td {vertical-align:top}table a {font-weight:bold}.stripe td {background-color: #E6EBF9}.num {text-align:right}.passedodd td {background-color: #3F3}.passedeven td {background-color: #0A0}.skippedodd td {background-color: #DDD}.skippedeven td {background-color: #CCC}.failedodd td,.attn {background-color: #F33}.failedeven td,.stripe .attn {background-color: #D00}.stacktrace {white-space:pre;font-family:monospace}.totop {font-size:85%;text-align:center;border-bottom:2px solid #000}.invisible {display:none}</style>
</head>
<body>
<table>
<tr><th>Test</th><th># Passed</th><th># Skipped</th><th># Retried</th><th># Failed</th><th>Time (ms)</th><th>Included Groups</th><th>Excluded Groups</th></tr>
<tr><th colspan="8">Suite</th></tr>
<tr><td><a href="#t0">FirefoxTest</a></td><td class="num">0</td><td class="num attn">4</td><td class="num">0</td><td class="num">0</td><td class="num">95</td><td></td><td></td></tr>
<tr class="stripe"><td><a href="#t1">ChromeTest</a></td><td class="num">0</td><td class="num attn">4</td><td class="num">0</td><td class="num">0</td><td class="num">91</td><td></td><td></td></tr>
<tr><th>Total</th><th class="num">0</th><th class="num attn">8</th><th class="num">0</th><th class="num">0</th><th class="num">186</th><th colspan="2"></th></tr>
</table>
<table id='summary'><thead><tr><th>Class</th><th>Method</th><th>Start</th><th>Time (ms)</th></tr></thead><tbody><tr><th colspan="4">Suite</th></tr></tbody><tbody id="t0"><tr><th colspan="4">FirefoxTest &#8212; failed (configuration methods)</th></tr><tr class="failedeven"><td rowspan="1">testClasses.TestNGAssertionLogin</td><td><a href="#m0">launchBrowser</a></td><td rowspan="1">1653685904331</td><td rowspan="1">12</td></tr><tr><th colspan="4">FirefoxTest &#8212; skipped (configuration methods)</th></tr><tr class="skippedeven"><td rowspan="7">testClasses.TestNGAssertionLogin</td><td><a href="#m1">afterClass</a></td><td rowspan="1">1653685904420</td><td rowspan="1">-1653685904420</td></tr><tr class="skippedeven"><td><a href="#m2">afterMethod</a></td><td rowspan="2">1653685904418</td><td rowspan="2">-1653685904418</td></tr><tr class="skippedeven"><td><a href="#m3">afterMethod</a></td></tr><tr class="skippedeven"><td><a href="#m4">afterTest</a></td><td rowspan="1">1653685904421</td><td rowspan="1">-1653685904421</td></tr><tr class="skippedeven"><td><a href="#m5">beforeMethod</a></td><td rowspan="2">1653685904400</td><td rowspan="2">-1653685904400</td></tr><tr class="skippedeven"><td><a href="#m6">beforeMethod</a></td></tr><tr class="skippedeven"><td><a href="#m7">browserLaunch</a></td><td rowspan="1">1653685904398</td><td rowspan="1">-1653685904398</td></tr><tr class="skippedodd"><td rowspan="8">testClasses.TestNGVerifyReportAndUsers</td><td><a href="#m8">afterClass</a></td><td rowspan="1">1653685904396</td><td rowspan="1">-1653685904396</td></tr><tr class="skippedodd"><td><a href="#m9">afterMethod</a></td><td rowspan="2">1653685904395</td><td rowspan="2">-1653685904395</td></tr><tr class="skippedodd"><td><a href="#m10">afterMethod</a></td></tr><tr class="skippedodd"><td><a href="#m11">afterTest</a></td><td rowspan="1">1653685904421</td><td rowspan="1">-1653685904421</td></tr><tr class="skippedodd"><td><a href="#m12">beforeClass</a></td><td rowspan="1">1653685904365</td><td rowspan="1">-1653685904365</td></tr><tr class="skippedodd"><td><a href="#m13">beforeMethod</a></td><td rowspan="2">1653685904388</td><td rowspan="2">-1653685904388</td></tr><tr class="skippedodd"><td><a href="#m14">beforeMethod</a></td></tr><tr class="skippedodd"><td><a href="#m15">launchBrowser</a></td><td rowspan="1">1653685904351</td><td rowspan="1">-1653685904351</td></tr><tr><th colspan="4">FirefoxTest &#8212; skipped</th></tr><tr class="skippedeven"><td rowspan="2">testClasses.TestNGAssertionLogin</td><td><a href="#m16">verifyingTaskTab</a></td><td rowspan="1">1653685904406</td><td rowspan="1">0</td></tr><tr class="skippedeven"><td><a href="#m17">verufyTimeTrackTab</a></td><td rowspan="1">1653685904416</td><td rowspan="1">0</td></tr><tr class="skippedodd"><td rowspan="2">testClasses.TestNGVerifyReportAndUsers</td><td><a href="#m18">reportPageValidation</a></td><td rowspan="1">1653685904381</td><td rowspan="1">0</td></tr><tr class="skippedodd"><td><a href="#m19">usersPageValidation</a></td><td rowspan="1">1653685904391</td><td rowspan="1">0</td></tr></tbody>
<tbody id="t1"><tr><th colspan="4">ChromeTest &#8212; failed (configuration methods)</th></tr><tr class="failedeven"><td rowspan="1">testClasses.TestNGAssertionLogin</td><td><a href="#m20">launchBrowser</a></td><td rowspan="1">1653685904331</td><td rowspan="1">12</td></tr><tr><th colspan="4">ChromeTest &#8212; skipped (configuration methods)</th></tr><tr class="skippedeven"><td rowspan="7">testClasses.TestNGAssertionLogin</td><td><a href="#m21">afterClass</a></td><td rowspan="1">1653685904413</td><td rowspan="1">-1653685904413</td></tr><tr class="skippedeven"><td><a href="#m22">afterMethod</a></td><td rowspan="2">1653685904412</td><td rowspan="2">-1653685904412</td></tr><tr class="skippedeven"><td><a href="#m23">afterMethod</a></td></tr><tr class="skippedeven"><td><a href="#m24">afterTest</a></td><td rowspan="1">1653685904416</td><td rowspan="1">-1653685904416</td></tr><tr class="skippedeven"><td><a href="#m25">beforeMethod</a></td><td rowspan="2">1653685904406</td><td rowspan="2">-1653685904406</td></tr><tr class="skippedeven"><td><a href="#m26">beforeMethod</a></td></tr><tr class="skippedeven"><td><a href="#m27">browserLaunch</a></td><td rowspan="1">1653685904396</td><td rowspan="1">-1653685904396</td></tr><tr class="skippedodd"><td rowspan="8">testClasses.TestNGVerifyReportAndUsers</td><td><a href="#m28">afterClass</a></td><td rowspan="1">1653685904395</td><td rowspan="1">-1653685904395</td></tr><tr class="skippedodd"><td><a href="#m29">afterMethod</a></td><td rowspan="2">1653685904394</td><td rowspan="2">-1653685904394</td></tr><tr class="skippedodd"><td><a href="#m30">afterMethod</a></td></tr><tr class="skippedodd"><td><a href="#m31">afterTest</a></td><td rowspan="1">1653685904417</td><td rowspan="1">-1653685904417</td></tr><tr class="skippedodd"><td><a href="#m32">beforeClass</a></td><td rowspan="1">1653685904365</td><td rowspan="1">-1653685904365</td></tr><tr class="skippedodd"><td><a href="#m33">beforeMethod</a></td><td rowspan="2">1653685904388</td><td rowspan="2">-1653685904388</td></tr><tr class="skippedodd"><td><a href="#m34">beforeMethod</a></td></tr><tr class="skippedodd"><td><a href="#m35">launchBrowser</a></td><td rowspan="1">1653685904349</td><td rowspan="1">-1653685904349</td></tr><tr><th colspan="4">ChromeTest &#8212; skipped</th></tr><tr class="skippedeven"><td rowspan="2">testClasses.TestNGAssertionLogin</td><td><a href="#m36">verifyingTaskTab</a></td><td rowspan="1">1653685904398</td><td rowspan="1">0</td></tr><tr class="skippedeven"><td><a href="#m37">verufyTimeTrackTab</a></td><td rowspan="1">1653685904408</td><td rowspan="1">0</td></tr><tr class="skippedodd"><td rowspan="2">testClasses.TestNGVerifyReportAndUsers</td><td><a href="#m38">reportPageValidation</a></td><td rowspan="1">1653685904380</td><td rowspan="1">0</td></tr><tr class="skippedodd"><td><a href="#m39">usersPageValidation</a></td><td rowspan="1">1653685904388</td><td rowspan="1">0</td></tr></tbody>
</table>
<h2>FirefoxTest</h2><h3 id="m0">testClasses.TestNGAssertionLogin#launchBrowser</h3><table class="result"><tr class="param"><th>Parameter #1</th></tr><tr class="param stripe"><td>browser</td></tr><tr><th>Exception</th></tr><tr><td><div class="stacktrace">java.lang.NullPointerException: Cannot invoke &quot;org.openqa.selenium.WebDriver.manage()&quot; because &quot;this.driver&quot; is null
	at testClasses.TestNGAssertionLogin.launchBrowser(TestNGAssertionLogin.java:45)
	at java.base/java.util.concurrent.FutureTask.run(FutureTask.java:264)
	at java.base/java.util.concurrent.ThreadPoolExecutor.runWorker(ThreadPoolExecutor.java:1136)
	at java.base/java.util.concurrent.ThreadPoolExecutor$Worker.run(ThreadPoolExecutor.java:635)
	at java.base/java.lang.Thread.run(Thread.java:833)
... Removed 15 stack frames</div></td></tr></table><p class="totop"><a href="#summary">back to summary</a></p>
<h3 id="m1">testClasses.TestNGAssertionLogin#afterClass</h3><table class="result"><tr><th class="invisible"/></tr></table><p class="totop"><a href="#summary">back to summary</a></p>
<h3 id="m2">testClasses.TestNGAssertionLogin#afterMethod</h3><table class="result"><tr><th class="invisible"/></tr></table><p class="totop"><a href="#summary">back to summary</a></p>
<h3 id="m3">testClasses.TestNGAssertionLogin#afterMethod</h3><table class="result"><tr><th class="invisible"/></tr></table><p class="totop"><a href="#summary">back to summary</a></p>
<h3 id="m4">testClasses.TestNGAssertionLogin#afterTest</h3><table class="result"><tr><th class="invisible"/></tr></table><p class="totop"><a href="#summary">back to summary</a></p>
<h3 id="m5">testClasses.TestNGAssertionLogin#beforeMethod</h3><table class="result"><tr><th class="invisible"/></tr></table><p class="totop"><a href="#summary">back to summary</a></p>
<h3 id="m6">testClasses.TestNGAssertionLogin#beforeMethod</h3><table class="result"><tr><th class="invisible"/></tr></table><p class="totop"><a href="#summary">back to summary</a></p>
<h3 id="m7">testClasses.TestNGAssertionLogin#browserLaunch</h3><table class="result"><tr><th class="invisible"/></tr></table><p class="totop"><a href="#summary">back to summary</a></p>
<h3 id="m8">testClasses.TestNGVerifyReportAndUsers#afterClass</h3><table class="result"><tr><th class="invisible"/></tr></table><p class="totop"><a href="#summary">back to summary</a></p>
<h3 id="m9">testClasses.TestNGVerifyReportAndUsers#afterMethod</h3><table class="result"><tr><th class="invisible"/></tr></table><p class="totop"><a href="#summary">back to summary</a></p>
<h3 id="m10">testClasses.TestNGVerifyReportAndUsers#afterMethod</h3><table class="result"><tr><th class="invisible"/></tr></table><p class="totop"><a href="#summary">back to summary</a></p>
<h3 id="m11">testClasses.TestNGVerifyReportAndUsers#afterTest</h3><table class="result"><tr><th class="invisible"/></tr></table><p class="totop"><a href="#summary">back to summary</a></p>
<h3 id="m12">testClasses.TestNGVerifyReportAndUsers#beforeClass</h3><table class="result"><tr><th class="invisible"/></tr></table><p class="totop"><a href="#summary">back to summary</a></p>
<h3 id="m13">testClasses.TestNGVerifyReportAndUsers#beforeMethod</h3><table class="result"><tr><th class="invisible"/></tr></table><p class="totop"><a href="#summary">back to summary</a></p>
<h3 id="m14">testClasses.TestNGVerifyReportAndUsers#beforeMethod</h3><table class="result"><tr><th class="invisible"/></tr></table><p class="totop"><a href="#summary">back to summary</a></p>
<h3 id="m15">testClasses.TestNGVerifyReportAndUsers#launchBrowser</h3><table class="result"><tr><th class="invisible"/></tr></table><p class="totop"><a href="#summary">back to summary</a></p>
<h3 id="m16">testClasses.TestNGAssertionLogin#verifyingTaskTab</h3><table class="result"><tr><th>Exception</th></tr><tr><td><div class="stacktrace">java.lang.NullPointerException: Cannot invoke &quot;org.openqa.selenium.WebDriver.manage()&quot; because &quot;this.driver&quot; is null
	at testClasses.TestNGAssertionLogin.launchBrowser(TestNGAssertionLogin.java:45)
	at java.base/java.util.concurrent.FutureTask.run(FutureTask.java:264)
	at java.base/java.util.concurrent.ThreadPoolExecutor.runWorker(ThreadPoolExecutor.java:1136)
	at java.base/java.util.concurrent.ThreadPoolExecutor$Worker.run(ThreadPoolExecutor.java:635)
	at java.base/java.lang.Thread.run(Thread.java:833)
... Removed 15 stack frames</div></td></tr></table><p class="totop"><a href="#summary">back to summary</a></p>
<h3 id="m17">testClasses.TestNGAssertionLogin#verufyTimeTrackTab</h3><table class="result"><tr><th>Exception</th></tr><tr><td><div class="stacktrace">java.lang.NullPointerException: Cannot invoke &quot;org.openqa.selenium.WebDriver.manage()&quot; because &quot;this.driver&quot; is null
	at testClasses.TestNGAssertionLogin.launchBrowser(TestNGAssertionLogin.java:45)
	at java.base/java.util.concurrent.FutureTask.run(FutureTask.java:264)
	at java.base/java.util.concurrent.ThreadPoolExecutor.runWorker(ThreadPoolExecutor.java:1136)
	at java.base/java.util.concurrent.ThreadPoolExecutor$Worker.run(ThreadPoolExecutor.java:635)
	at java.base/java.lang.Thread.run(Thread.java:833)
... Removed 15 stack frames</div></td></tr></table><p class="totop"><a href="#summary">back to summary</a></p>
<h3 id="m18">testClasses.TestNGVerifyReportAndUsers#reportPageValidation</h3><table class="result"><tr><th>Exception</th></tr><tr><td><div class="stacktrace">java.lang.NullPointerException: Cannot invoke &quot;org.openqa.selenium.WebDriver.manage()&quot; because &quot;this.driver&quot; is null
	at testClasses.TestNGAssertionLogin.launchBrowser(TestNGAssertionLogin.java:45)
	at java.base/java.util.concurrent.FutureTask.run(FutureTask.java:264)
	at java.base/java.util.concurrent.ThreadPoolExecutor.runWorker(ThreadPoolExecutor.java:1136)
	at java.base/java.util.concurrent.ThreadPoolExecutor$Worker.run(ThreadPoolExecutor.java:635)
	at java.base/java.lang.Thread.run(Thread.java:833)
... Removed 15 stack frames</div></td></tr></table><p class="totop"><a href="#summary">back to summary</a></p>
<h3 id="m19">testClasses.TestNGVerifyReportAndUsers#usersPageValidation</h3><table class="result"><tr><th>Exception</th></tr><tr><td><div class="stacktrace">java.lang.NullPointerException: Cannot invoke &quot;org.openqa.selenium.WebDriver.manage()&quot; because &quot;this.driver&quot; is null
	at testClasses.TestNGAssertionLogin.launchBrowser(TestNGAssertionLogin.java:45)
	at java.base/java.util.concurrent.FutureTask.run(FutureTask.java:264)
	at java.base/java.util.concurrent.ThreadPoolExecutor.runWorker(ThreadPoolExecutor.java:1136)
	at java.base/java.util.concurrent.ThreadPoolExecutor$Worker.run(ThreadPoolExecutor.java:635)
	at java.base/java.lang.Thread.run(Thread.java:833)
... Removed 15 stack frames</div></td></tr></table><p class="totop"><a href="#summary">back to summary</a></p>
<h2>ChromeTest</h2><h3 id="m20">testClasses.TestNGAssertionLogin#launchBrowser</h3><table class="result"><tr class="param"><th>Parameter #1</th></tr><tr class="param stripe"><td>browser</td></tr><tr><th>Exception</th></tr><tr><td><div class="stacktrace">java.lang.NullPointerException: Cannot invoke &quot;org.openqa.selenium.WebDriver.manage()&quot; because &quot;this.driver&quot; is null
	at testClasses.TestNGAssertionLogin.launchBrowser(TestNGAssertionLogin.java:45)
	at java.base/java.util.concurrent.FutureTask.run(FutureTask.java:264)
	at java.base/java.util.concurrent.ThreadPoolExecutor.runWorker(ThreadPoolExecutor.java:1136)
	at java.base/java.util.concurrent.ThreadPoolExecutor$Worker.run(ThreadPoolExecutor.java:635)
	at java.base/java.lang.Thread.run(Thread.java:833)
... Removed 15 stack frames</div></td></tr></table><p class="totop"><a href="#summary">back to summary</a></p>
<h3 id="m21">testClasses.TestNGAssertionLogin#afterClass</h3><table class="result"><tr><th class="invisible"/></tr></table><p class="totop"><a href="#summary">back to summary</a></p>
<h3 id="m22">testClasses.TestNGAssertionLogin#afterMethod</h3><table class="result"><tr><th class="invisible"/></tr></table><p class="totop"><a href="#summary">back to summary</a></p>
<h3 id="m23">testClasses.TestNGAssertionLogin#afterMethod</h3><table class="result"><tr><th class="invisible"/></tr></table><p class="totop"><a href="#summary">back to summary</a></p>
<h3 id="m24">testClasses.TestNGAssertionLogin#afterTest</h3><table class="result"><tr><th class="invisible"/></tr></table><p class="totop"><a href="#summary">back to summary</a></p>
<h3 id="m25">testClasses.TestNGAssertionLogin#beforeMethod</h3><table class="result"><tr><th class="invisible"/></tr></table><p class="totop"><a href="#summary">back to summary</a></p>
<h3 id="m26">testClasses.TestNGAssertionLogin#beforeMethod</h3><table class="result"><tr><th class="invisible"/></tr></table><p class="totop"><a href="#summary">back to summary</a></p>
<h3 id="m27">testClasses.TestNGAssertionLogin#browserLaunch</h3><table class="result"><tr><th class="invisible"/></tr></table><p class="totop"><a href="#summary">back to summary</a></p>
<h3 id="m28">testClasses.TestNGVerifyReportAndUsers#afterClass</h3><table class="result"><tr><th class="invisible"/></tr></table><p class="totop"><a href="#summary">back to summary</a></p>
<h3 id="m29">testClasses.TestNGVerifyReportAndUsers#afterMethod</h3><table class="result"><tr><th class="invisible"/></tr></table><p class="totop"><a href="#summary">back to summary</a></p>
<h3 id="m30">testClasses.TestNGVerifyReportAndUsers#afterMethod</h3><table class="result"><tr><th class="invisible"/></tr></table><p class="totop"><a href="#summary">back to summary</a></p>
<h3 id="m31">testClasses.TestNGVerifyReportAndUsers#afterTest</h3><table class="result"><tr><th class="invisible"/></tr></table><p class="totop"><a href="#summary">back to summary</a></p>
<h3 id="m32">testClasses.TestNGVerifyReportAndUsers#beforeClass</h3><table class="result"><tr><th class="invisible"/></tr></table><p class="totop"><a href="#summary">back to summary</a></p>
<h3 id="m33">testClasses.TestNGVerifyReportAndUsers#beforeMethod</h3><table class="result"><tr><th class="invisible"/></tr></table><p class="totop"><a href="#summary">back to summary</a></p>
<h3 id="m34">testClasses.TestNGVerifyReportAndUsers#beforeMethod</h3><table class="result"><tr><th class="invisible"/></tr></table><p class="totop"><a href="#summary">back to summary</a></p>
<h3 id="m35">testClasses.TestNGVerifyReportAndUsers#launchBrowser</h3><table class="result"><tr><th class="invisible"/></tr></table><p class="totop"><a href="#summary">back to summary</a></p>
<h3 id="m36">testClasses.TestNGAssertionLogin#verifyingTaskTab</h3><table class="result"><tr><th>Exception</th></tr><tr><td><div class="stacktrace">java.lang.NullPointerException: Cannot invoke &quot;org.openqa.selenium.WebDriver.manage()&quot; because &quot;this.driver&quot; is null
	at testClasses.TestNGAssertionLogin.launchBrowser(TestNGAssertionLogin.java:45)
	at java.base/java.util.concurrent.FutureTask.run(FutureTask.java:264)
	at java.base/java.util.concurrent.ThreadPoolExecutor.runWorker(ThreadPoolExecutor.java:1136)
	at java.base/java.util.concurrent.ThreadPoolExecutor$Worker.run(ThreadPoolExecutor.java:635)
	at java.base/java.lang.Thread.run(Thread.java:833)
... Removed 15 stack frames</div></td></tr></table><p class="totop"><a href="#summary">back to summary</a></p>
<h3 id="m37">testClasses.TestNGAssertionLogin#verufyTimeTrackTab</h3><table class="result"><tr><th>Exception</th></tr><tr><td><div class="stacktrace">java.lang.NullPointerException: Cannot invoke &quot;org.openqa.selenium.WebDriver.manage()&quot; because &quot;this.driver&quot; is null
	at testClasses.TestNGAssertionLogin.launchBrowser(TestNGAssertionLogin.java:45)
	at java.base/java.util.concurrent.FutureTask.run(FutureTask.java:264)
	at java.base/java.util.concurrent.ThreadPoolExecutor.runWorker(ThreadPoolExecutor.java:1136)
	at java.base/java.util.concurrent.ThreadPoolExecutor$Worker.run(ThreadPoolExecutor.java:635)
	at java.base/java.lang.Thread.run(Thread.java:833)
... Removed 15 stack frames</div></td></tr></table><p class="totop"><a href="#summary">back to summary</a></p>
<h3 id="m38">testClasses.TestNGVerifyReportAndUsers#reportPageValidation</h3><table class="result"><tr><th>Exception</th></tr><tr><td><div class="stacktrace">java.lang.NullPointerException: Cannot invoke &quot;org.openqa.selenium.WebDriver.manage()&quot; because &quot;this.driver&quot; is null
	at testClasses.TestNGAssertionLogin.launchBrowser(TestNGAssertionLogin.java:45)
	at java.base/java.util.concurrent.FutureTask.run(FutureTask.java:264)
	at java.base/java.util.concurrent.ThreadPoolExecutor.runWorker(ThreadPoolExecutor.java:1136)
	at java.base/java.util.concurrent.ThreadPoolExecutor$Worker.run(ThreadPoolExecutor.java:635)
	at java.base/java.lang.Thread.run(Thread.java:833)
... Removed 15 stack frames</div></td></tr></table><p class="totop"><a href="#summary">back to summary</a></p>
<h3 id="m39">testClasses.TestNGVerifyReportAndUsers#usersPageValidation</h3><table class="result"><tr><th>Exception</th></tr><tr><td><div class="stacktrace">java.lang.NullPointerException: Cannot invoke &quot;org.openqa.selenium.WebDriver.manage()&quot; because &quot;this.driver&quot; is null
	at testClasses.TestNGAssertionLogin.launchBrowser(TestNGAssertionLogin.java:45)
	at java.base/java.util.concurrent.FutureTask.run(FutureTask.java:264)
	at java.base/java.util.concurrent.ThreadPoolExecutor.runWorker(ThreadPoolExecutor.java:1136)
	at java.base/java.util.concurrent.ThreadPoolExecutor$Worker.run(ThreadPoolExecutor.java:635)
	at java.base/java.lang.Thread.run(Thread.java:833)
... Removed 15 stack frames</div></td></tr></table><p class="totop"><a href="#summary">back to summary</a></p>
</body>
</html>
