<?xml version="1.0" encoding="UTF-8"?>
<!-- Generated by org.testng.reporters.JUnitXMLReporter -->
<testsuite ignored="0" hostname="Akash" failures="0" tests="4" name="ChromeTest" time="0.091" errors="0" timestamp="2022-05-28T02:41:44 IST">
  <testcase classname="testClasses.TestNGAssertionLogin" name="@BeforeTest launchBrowser" time="0.012">
    <failure type="java.lang.NullPointerException" message="Cannot invoke &amp;quot;org.openqa.selenium.WebDriver.manage()&amp;quot; because &amp;quot;this.driver&amp;quot; is null">
      <![CDATA[java.lang.NullPointerException: Cannot invoke "org.openqa.selenium.WebDriver.manage()" because "this.driver" is null
at testClasses.TestNGAssertionLogin.launchBrowser(TestNGAssertionLogin.java:45)
at java.base/java.util.concurrent.FutureTask.run(FutureTask.java:264)
at java.base/java.util.concurrent.ThreadPoolExecutor.runWorker(ThreadPoolExecutor.java:1136)
at java.base/java.util.concurrent.ThreadPoolExecutor$Worker.run(ThreadPoolExecutor.java:635)
at java.base/java.lang.Thread.run(Thread.java:833)
... Removed 15 stack frames]]>
    </failure>
  </testcase> <!-- @BeforeTest launchBrowser -->
  <testcase classname="testClasses.TestNGAssertionLogin" name="@BeforeTest launchBrowser" time="0.012">
    <failure type="java.lang.NullPointerException" message="Cannot invoke &amp;quot;org.openqa.selenium.WebDriver.manage()&amp;quot; because &amp;quot;this.driver&amp;quot; is null">
      <![CDATA[java.lang.NullPointerException: Cannot invoke "org.openqa.selenium.WebDriver.manage()" because "this.driver" is null
at testClasses.TestNGAssertionLogin.launchBrowser(TestNGAssertionLogin.java:45)
at java.base/java.util.concurrent.FutureTask.run(FutureTask.java:264)
at java.base/java.util.concurrent.ThreadPoolExecutor.runWorker(ThreadPoolExecutor.java:1136)
at java.base/java.util.concurrent.ThreadPoolExecutor$Worker.run(ThreadPoolExecutor.java:635)
at java.base/java.lang.Thread.run(Thread.java:833)
... Removed 15 stack frames]]>
    </failure>
  </testcase> <!-- @BeforeTest launchBrowser -->
  <testcase classname="testClasses.TestNGVerifyReportAndUsers" name="@BeforeTest launchBrowser" time="-1.653685904349E9">
    <skipped/>
  </testcase> <!-- @BeforeTest launchBrowser -->
  <testcase classname="testClasses.TestNGVerifyReportAndUsers" name="@BeforeTest launchBrowser" time="-1.653685904351E9">
    <skipped/>
  </testcase> <!-- @BeforeTest launchBrowser -->
  <testcase classname="testClasses.TestNGVerifyReportAndUsers" name="@BeforeClass beforeClass" time="-1.653685904365E9">
    <skipped/>
  </testcase> <!-- @BeforeClass beforeClass -->
  <testcase classname="testClasses.TestNGVerifyReportAndUsers" name="@BeforeClass beforeClass" time="-1.653685904365E9">
    <skipped/>
  </testcase> <!-- @BeforeClass beforeClass -->
  <testcase classname="testClasses.TestNGVerifyReportAndUsers" name="@BeforeMethod beforeMethod" time="-1.653685904377E9">
    <skipped/>
  </testcase> <!-- @BeforeMethod beforeMethod -->
  <testcase classname="testClasses.TestNGVerifyReportAndUsers" name="@BeforeMethod beforeMethod" time="-1.653685904377E9">
    <skipped/>
  </testcase> <!-- @BeforeMethod beforeMethod -->
  <testcase classname="testClasses.TestNGVerifyReportAndUsers" name="@AfterMethod afterMethod" time="-1.653685904384E9">
    <skipped/>
  </testcase> <!-- @AfterMethod afterMethod -->
  <testcase classname="testClasses.TestNGVerifyReportAndUsers" name="@AfterMethod afterMethod" time="-1.653685904384E9">
    <skipped/>
  </testcase> <!-- @AfterMethod afterMethod -->
  <testcase classname="testClasses.TestNGVerifyReportAndUsers" name="@BeforeMethod beforeMethod" time="-1.653685904388E9">
    <skipped/>
  </testcase> <!-- @BeforeMethod beforeMethod -->
  <testcase classname="testClasses.TestNGVerifyReportAndUsers" name="@BeforeMethod beforeMethod" time="-1.653685904388E9">
    <skipped/>
  </testcase> <!-- @BeforeMethod beforeMethod -->
  <testcase classname="testClasses.TestNGVerifyReportAndUsers" name="@AfterMethod afterMethod" time="-1.653685904394E9">
    <skipped/>
  </testcase> <!-- @AfterMethod afterMethod -->
  <testcase classname="testClasses.TestNGVerifyReportAndUsers" name="@AfterMethod afterMethod" time="-1.653685904395E9">
    <skipped/>
  </testcase> <!-- @AfterMethod afterMethod -->
  <testcase classname="testClasses.TestNGVerifyReportAndUsers" name="@AfterClass afterClass" time="-1.653685904395E9">
    <skipped/>
  </testcase> <!-- @AfterClass afterClass -->
  <testcase classname="testClasses.TestNGVerifyReportAndUsers" name="@AfterClass afterClass" time="-1.653685904396E9">
    <skipped/>
  </testcase> <!-- @AfterClass afterClass -->
  <testcase classname="testClasses.TestNGAssertionLogin" name="@BeforeClass browserLaunch" time="-1.653685904396E9">
    <skipped/>
  </testcase> <!-- @BeforeClass browserLaunch -->
  <testcase classname="testClasses.TestNGAssertionLogin" name="@BeforeMethod beforeMethod" time="-1.653685904398E9">
    <skipped/>
  </testcase> <!-- @BeforeMethod beforeMethod -->
  <testcase classname="testClasses.TestNGAssertionLogin" name="@BeforeClass browserLaunch" time="-1.653685904398E9">
    <skipped/>
  </testcase> <!-- @BeforeClass browserLaunch -->
  <testcase classname="testClasses.TestNGAssertionLogin" name="@BeforeMethod beforeMethod" time="-1.6536859044E9">
    <skipped/>
  </testcase> <!-- @BeforeMethod beforeMethod -->
  <testcase classname="testClasses.TestNGAssertionLogin" name="@AfterMethod afterMethod" time="-1.6536859044E9">
    <skipped/>
  </testcase> <!-- @AfterMethod afterMethod -->
  <testcase classname="testClasses.TestNGAssertionLogin" name="@BeforeMethod beforeMethod" time="-1.653685904406E9">
    <skipped/>
  </testcase> <!-- @BeforeMethod beforeMethod -->
  <testcase classname="testClasses.TestNGAssertionLogin" name="@AfterMethod afterMethod" time="-1.653685904412E9">
    <skipped/>
  </testcase> <!-- @AfterMethod afterMethod -->
  <testcase classname="testClasses.TestNGAssertionLogin" name="@AfterMethod afterMethod" time="-1.653685904413E9">
    <skipped/>
  </testcase> <!-- @AfterMethod afterMethod -->
  <testcase classname="testClasses.TestNGAssertionLogin" name="@AfterClass afterClass" time="-1.653685904413E9">
    <skipped/>
  </testcase> <!-- @AfterClass afterClass -->
  <testcase classname="testClasses.TestNGAssertionLogin" name="@BeforeMethod beforeMethod" time="-1.653685904415E9">
    <skipped/>
  </testcase> <!-- @BeforeMethod beforeMethod -->
  <testcase classname="testClasses.TestNGAssertionLogin" name="@AfterTest afterTest" time="-1.653685904416E9">
    <skipped/>
  </testcase> <!-- @AfterTest afterTest -->
  <testcase classname="testClasses.TestNGVerifyReportAndUsers" name="@AfterTest afterTest" time="-1.653685904417E9">
    <skipped/>
  </testcase> <!-- @AfterTest afterTest -->
  <testcase classname="testClasses.TestNGAssertionLogin" name="@AfterMethod afterMethod" time="-1.653685904418E9">
    <skipped/>
  </testcase> <!-- @AfterMethod afterMethod -->
  <testcase classname="testClasses.TestNGAssertionLogin" name="@AfterClass afterClass" time="-1.65368590442E9">
    <skipped/>
  </testcase> <!-- @AfterClass afterClass -->
  <testcase classname="testClasses.TestNGAssertionLogin" name="@AfterTest afterTest" time="-1.653685904421E9">
    <skipped/>
  </testcase> <!-- @AfterTest afterTest -->
  <testcase classname="testClasses.TestNGVerifyReportAndUsers" name="@AfterTest afterTest" time="-1.653685904421E9">
    <skipped/>
  </testcase> <!-- @AfterTest afterTest -->
  <testcase classname="testClasses.TestNGVerifyReportAndUsers" name="reportPageValidation" time="0.0">
    <skipped/>
  </testcase> <!-- reportPageValidation -->
  <testcase classname="testClasses.TestNGVerifyReportAndUsers" name="usersPageValidation" time="0.0">
    <skipped/>
  </testcase> <!-- usersPageValidation -->
  <testcase classname="testClasses.TestNGAssertionLogin" name="verifyingTaskTab" time="0.0">
    <skipped/>
  </testcase> <!-- verifyingTaskTab -->
  <testcase classname="testClasses.TestNGAssertionLogin" name="verufyTimeTrackTab" time="0.0">
    <skipped/>
  </testcase> <!-- verufyTimeTrackTab -->
</testsuite> <!-- ChromeTest -->
